2026-04-21 13:40:12 | DEBUG    | logging_config:54 | Logger initialized. Log file: C:\Users\kaila\Downloads\trading_bot\trading_bot\logs\trading_bot_20260421.log
2026-04-21 13:41:51 | DEBUG    | logging_config:54 | Logger initialized. Log file: C:\Users\kaila\Downloads\trading_bot\trading_bot\logs\trading_bot_20260421.log
2026-04-21 13:43:13 | DEBUG    | logging_config:54 | Logger initialized. Log file: C:\Users\kaila\Downloads\trading_bot\trading_bot\logs\trading_bot_20260421.log
2026-04-21 13:43:47 | DEBUG    | logging_config:54 | Logger initialized. Log file: C:\Users\kaila\Downloads\trading_bot\trading_bot\logs\trading_bot_20260421.log
2026-04-21 13:43:47 | INFO     | cli:62 | CLI place command received | symbol=BTCUSDT side=BUY type=MARKET quantity=0.001 price=None
2026-04-21 13:43:47 | DEBUG    | client:68 | BinanceClient initialized. Base URL: https://testnet.binancefuture.com
2026-04-21 13:43:47 | INFO     | orders:76 | Placing MARKET order | BUY 0.001 BTCUSDT
2026-04-21 13:43:47 | DEBUG    | client:221 | POST https://testnet.binancefuture.com/fapi/v1/order | Order params (pre-sign): symbol=BTCUSDT, side=BUY, type=MARKET, qty=0.001, price=None, stopPrice=None
2026-04-21 13:43:48 | DEBUG    | client:109 | HTTP 400 from https://testnet.binancefuture.com/fapi/v1/order
2026-04-21 13:43:48 | DEBUG    | client:110 | Response body: {"code":-1021,"msg":"Timestamp for this request was 1000ms ahead of the server's time."}
2026-04-21 13:43:48 | ERROR    | orders:94 | MARKET order FAILED | Binance API error -1021: Timestamp for this request was 1000ms ahead of the server's time.
2026-04-21 13:45:17 | DEBUG    | logging_config:54 | Logger initialized. Log file: C:\Users\kaila\Downloads\trading_bot\trading_bot\logs\trading_bot_20260421.log
2026-04-21 13:45:17 | INFO     | cli:62 | CLI place command received | symbol=BTCUSDT side=BUY type=MARKET quantity=0.001 price=None
2026-04-21 13:45:17 | DEBUG    | client:68 | BinanceClient initialized. Base URL: https://testnet.binancefuture.com
2026-04-21 13:45:17 | INFO     | orders:76 | Placing MARKET order | BUY 0.001 BTCUSDT
2026-04-21 13:45:17 | DEBUG    | client:221 | POST https://testnet.binancefuture.com/fapi/v1/order | Order params (pre-sign): symbol=BTCUSDT, side=BUY, type=MARKET, qty=0.001, price=None, stopPrice=None
2026-04-21 13:45:17 | DEBUG    | client:109 | HTTP 200 from https://testnet.binancefuture.com/fapi/v1/order
2026-04-21 13:45:17 | DEBUG    | client:110 | Response body: {"orderId":13056949236,"symbol":"BTCUSDT","status":"NEW","clientOrderId":"g3J0Dgpm48831c31Zsc0Wx","price":"0.00","avgPrice":"0.00","origQty":"0.0010","executedQty":"0.0000","cumQty":"0.0000","cumQuote":"0.000000","timeInForce":"GTC","type":"MARKET","reduceOnly":false,"closePosition":false,"side":"BUY","positionSide":"BOTH","stopPrice":"0.00","workingType":"CONTRACT_PRICE","priceProtect":false,"origType":"MARKET","priceMatch":"NONE","selfTradePreventionMode":"EXPIRE_MAKER","goodTillDate":0,"updateTime":1776759317774}
2026-04-21 13:45:17 | DEBUG    | client:227 | Order response: {'orderId': 13056949236, 'symbol': 'BTCUSDT', 'status': 'NEW', 'clientOrderId': 'g3J0Dgpm48831c31Zsc0Wx', 'price': '0.00', 'avgPrice': '0.00', 'origQty': '0.0010', 'executedQty': '0.0000', 'cumQty': '0.0000', 'cumQuote': '0.000000', 'timeInForce': 'GTC', 'type': 'MARKET', 'reduceOnly': False, 'closePosition': False, 'side': 'BUY', 'positionSide': 'BOTH', 'stopPrice': '0.00', 'workingType': 'CONTRACT_PRICE', 'priceProtect': False, 'origType': 'MARKET', 'priceMatch': 'NONE', 'selfTradePreventionMode': 'EXPIRE_MAKER', 'goodTillDate': 0, 'updateTime': 1776759317774}
2026-04-21 13:45:17 | INFO     | orders:86 | MARKET order SUCCESS | orderId=13056949236 status=NEW executedQty=0.0000
2026-04-21 13:46:14 | DEBUG    | logging_config:54 | Logger initialized. Log file: C:\Users\kaila\Downloads\trading_bot\trading_bot\logs\trading_bot_20260421.log
2026-04-21 13:46:14 | INFO     | cli:62 | CLI place command received | symbol=BTCUSDT side=SELL type=LIMIT quantity=0.001 price=60000.0
2026-04-21 13:46:14 | DEBUG    | client:68 | BinanceClient initialized. Base URL: https://testnet.binancefuture.com
2026-04-21 13:46:14 | INFO     | orders:126 | Placing LIMIT order | SELL 0.001 BTCUSDT @ 60000.0
2026-04-21 13:46:14 | DEBUG    | client:221 | POST https://testnet.binancefuture.com/fapi/v1/order | Order params (pre-sign): symbol=BTCUSDT, side=SELL, type=LIMIT, qty=0.001, price=60000.0, stopPrice=None
2026-04-21 13:46:15 | DEBUG    | client:109 | HTTP 400 from https://testnet.binancefuture.com/fapi/v1/order
2026-04-21 13:46:15 | DEBUG    | client:110 | Response body: {"code":-4024,"msg":"Limit price can't be lower than 72322.46."}
2026-04-21 13:46:15 | ERROR    | orders:146 | LIMIT order FAILED | Binance API error -4024: Limit price can't be lower than 72322.46.
2026-04-21 13:47:12 | DEBUG    | logging_config:54 | Logger initialized. Log file: C:\Users\kaila\Downloads\trading_bot\trading_bot\logs\trading_bot_20260421.log
2026-04-21 13:47:12 | INFO     | cli:62 | CLI place command received | symbol=BTCUSDT side=SELL type=LIMIT quantity=0.001 price=75000.0
2026-04-21 13:47:12 | DEBUG    | client:68 | BinanceClient initialized. Base URL: https://testnet.binancefuture.com
2026-04-21 13:47:12 | INFO     | orders:126 | Placing LIMIT order | SELL 0.001 BTCUSDT @ 75000.0
2026-04-21 13:47:12 | DEBUG    | client:221 | POST https://testnet.binancefuture.com/fapi/v1/order | Order params (pre-sign): symbol=BTCUSDT, side=SELL, type=LIMIT, qty=0.001, price=75000.0, stopPrice=None
2026-04-21 13:47:13 | DEBUG    | client:109 | HTTP 200 from https://testnet.binancefuture.com/fapi/v1/order
2026-04-21 13:47:13 | DEBUG    | client:110 | Response body: {"orderId":13056954109,"symbol":"BTCUSDT","status":"NEW","clientOrderId":"Xk4Q1xQlRoBGKK8wEf260n","price":"75000.00","avgPrice":"0.00","origQty":"0.0010","executedQty":"0.0000","cumQty":"0.0000","cumQuote":"0.000000","timeInForce":"GTC","type":"LIMIT","reduceOnly":false,"closePosition":false,"side":"SELL","positionSide":"BOTH","stopPrice":"0.00","workingType":"CONTRACT_PRICE","priceProtect":false,"origType":"LIMIT","priceMatch":"NONE","selfTradePreventionMode":"EXPIRE_MAKER","goodTillDate":0,"updateTime":1776759433437}
2026-04-21 13:47:13 | DEBUG    | client:227 | Order response: {'orderId': 13056954109, 'symbol': 'BTCUSDT', 'status': 'NEW', 'clientOrderId': 'Xk4Q1xQlRoBGKK8wEf260n', 'price': '75000.00', 'avgPrice': '0.00', 'origQty': '0.0010', 'executedQty': '0.0000', 'cumQty': '0.0000', 'cumQuote': '0.000000', 'timeInForce': 'GTC', 'type': 'LIMIT', 'reduceOnly': False, 'closePosition': False, 'side': 'SELL', 'positionSide': 'BOTH', 'stopPrice': '0.00', 'workingType': 'CONTRACT_PRICE', 'priceProtect': False, 'origType': 'LIMIT', 'priceMatch': 'NONE', 'selfTradePreventionMode': 'EXPIRE_MAKER', 'goodTillDate': 0, 'updateTime': 1776759433437}
2026-04-21 13:47:13 | INFO     | orders:138 | LIMIT order SUCCESS | orderId=13056954109 status=NEW price=75000.0
2026-04-21 13:47:31 | DEBUG    | logging_config:54 | Logger initialized. Log file: C:\Users\kaila\Downloads\trading_bot\trading_bot\logs\trading_bot_20260421.log
2026-04-21 13:47:31 | INFO     | cli:62 | CLI place command received | symbol=BTCUSDT side=BUY type=LIMIT quantity=0.001 price=70000.0
2026-04-21 13:47:31 | DEBUG    | client:68 | BinanceClient initialized. Base URL: https://testnet.binancefuture.com
2026-04-21 13:47:31 | INFO     | orders:126 | Placing LIMIT order | BUY 0.001 BTCUSDT @ 70000.0
2026-04-21 13:47:31 | DEBUG    | client:221 | POST https://testnet.binancefuture.com/fapi/v1/order | Order params (pre-sign): symbol=BTCUSDT, side=BUY, type=LIMIT, qty=0.001, price=70000.0, stopPrice=None
2026-04-21 13:47:32 | DEBUG    | client:109 | HTTP 200 from https://testnet.binancefuture.com/fapi/v1/order
2026-04-21 13:47:32 | DEBUG    | client:110 | Response body: {"orderId":13056955114,"symbol":"BTCUSDT","status":"NEW","clientOrderId":"nB5Q1m5YoTbQui0CO7MqEy","price":"70000.00","avgPrice":"0.00","origQty":"0.0010","executedQty":"0.0000","cumQty":"0.0000","cumQuote":"0.000000","timeInForce":"GTC","type":"LIMIT","reduceOnly":false,"closePosition":false,"side":"BUY","positionSide":"BOTH","stopPrice":"0.00","workingType":"CONTRACT_PRICE","priceProtect":false,"origType":"LIMIT","priceMatch":"NONE","selfTradePreventionMode":"EXPIRE_MAKER","goodTillDate":0,"updateTime":1776759452370}
2026-04-21 13:47:32 | DEBUG    | client:227 | Order response: {'orderId': 13056955114, 'symbol': 'BTCUSDT', 'status': 'NEW', 'clientOrderId': 'nB5Q1m5YoTbQui0CO7MqEy', 'price': '70000.00', 'avgPrice': '0.00', 'origQty': '0.0010', 'executedQty': '0.0000', 'cumQty': '0.0000', 'cumQuote': '0.000000', 'timeInForce': 'GTC', 'type': 'LIMIT', 'reduceOnly': False, 'closePosition': False, 'side': 'BUY', 'positionSide': 'BOTH', 'stopPrice': '0.00', 'workingType': 'CONTRACT_PRICE', 'priceProtect': False, 'origType': 'LIMIT', 'priceMatch': 'NONE', 'selfTradePreventionMode': 'EXPIRE_MAKER', 'goodTillDate': 0, 'updateTime': 1776759452370}
2026-04-21 13:47:32 | INFO     | orders:138 | LIMIT order SUCCESS | orderId=13056955114 status=NEW price=70000.0
2026-04-21 13:48:05 | DEBUG    | logging_config:54 | Logger initialized. Log file: C:\Users\kaila\Downloads\trading_bot\trading_bot\logs\trading_bot_20260421.log
2026-04-21 13:48:05 | INFO     | cli:62 | CLI place command received | symbol=BTCUSDT side=SELL type=LIMIT quantity=0.001 price=75000.0
2026-04-21 13:48:05 | DEBUG    | client:68 | BinanceClient initialized. Base URL: https://testnet.binancefuture.com
2026-04-21 13:48:05 | INFO     | orders:126 | Placing LIMIT order | SELL 0.001 BTCUSDT @ 75000.0
2026-04-21 13:48:05 | DEBUG    | client:221 | POST https://testnet.binancefuture.com/fapi/v1/order | Order params (pre-sign): symbol=BTCUSDT, side=SELL, type=LIMIT, qty=0.001, price=75000.0, stopPrice=None
2026-04-21 13:48:06 | DEBUG    | client:109 | HTTP 200 from https://testnet.binancefuture.com/fapi/v1/order
2026-04-21 13:48:06 | DEBUG    | client:110 | Response body: {"orderId":13056956522,"symbol":"BTCUSDT","status":"NEW","clientOrderId":"GI4AkUJBJYSXaj4dEDvykV","price":"75000.00","avgPrice":"0.00","origQty":"0.0010","executedQty":"0.0000","cumQty":"0.0000","cumQuote":"0.000000","timeInForce":"GTC","type":"LIMIT","reduceOnly":false,"closePosition":false,"side":"SELL","positionSide":"BOTH","stopPrice":"0.00","workingType":"CONTRACT_PRICE","priceProtect":false,"origType":"LIMIT","priceMatch":"NONE","selfTradePreventionMode":"EXPIRE_MAKER","goodTillDate":0,"updateTime":1776759486257}
2026-04-21 13:48:06 | DEBUG    | client:227 | Order response: {'orderId': 13056956522, 'symbol': 'BTCUSDT', 'status': 'NEW', 'clientOrderId': 'GI4AkUJBJYSXaj4dEDvykV', 'price': '75000.00', 'avgPrice': '0.00', 'origQty': '0.0010', 'executedQty': '0.0000', 'cumQty': '0.0000', 'cumQuote': '0.000000', 'timeInForce': 'GTC', 'type': 'LIMIT', 'reduceOnly': False, 'closePosition': False, 'side': 'SELL', 'positionSide': 'BOTH', 'stopPrice': '0.00', 'workingType': 'CONTRACT_PRICE', 'priceProtect': False, 'origType': 'LIMIT', 'priceMatch': 'NONE', 'selfTradePreventionMode': 'EXPIRE_MAKER', 'goodTillDate': 0, 'updateTime': 1776759486257}
2026-04-21 13:48:06 | INFO     | orders:138 | LIMIT order SUCCESS | orderId=13056956522 status=NEW price=75000.0
2026-04-21 14:22:16 | DEBUG    | logging_config:54 | Logger initialized. Log file: C:\Users\kaila\Downloads\trading_bot\trading_bot\logs\trading_bot_20260421.log
2026-04-21 14:22:16 | INFO     | cli:59 | CLI place command received | symbol=BTCUSDT side=SELL type=LIMIT quantity=0.001 price=75000.0
2026-04-21 14:22:16 | DEBUG    | client:68 | BinanceClient initialized. Base URL: https://testnet.binancefuture.com
2026-04-21 14:22:16 | WARNING  | cli:72 | Could not fetch market price: 'BinanceClient' object has no attribute 'client'
2026-04-21 14:22:16 | INFO     | orders:126 | Placing LIMIT order | SELL 0.001 BTCUSDT @ 75000.0
2026-04-21 14:22:16 | DEBUG    | client:221 | POST https://testnet.binancefuture.com/fapi/v1/order | Order params (pre-sign): symbol=BTCUSDT, side=SELL, type=LIMIT, qty=0.001, price=75000.0, stopPrice=None
2026-04-21 14:22:17 | DEBUG    | client:109 | HTTP 200 from https://testnet.binancefuture.com/fapi/v1/order
2026-04-21 14:22:17 | DEBUG    | client:110 | Response body: {"orderId":13057051342,"symbol":"BTCUSDT","status":"NEW","clientOrderId":"eWqo5ZF1JPownrln4oUpQY","price":"75000.00","avgPrice":"0.00","origQty":"0.0010","executedQty":"0.0000","cumQty":"0.0000","cumQuote":"0.000000","timeInForce":"GTC","type":"LIMIT","reduceOnly":false,"closePosition":false,"side":"SELL","positionSide":"BOTH","stopPrice":"0.00","workingType":"CONTRACT_PRICE","priceProtect":false,"origType":"LIMIT","priceMatch":"NONE","selfTradePreventionMode":"EXPIRE_MAKER","goodTillDate":0,"updateTime":1776761537463}
2026-04-21 14:22:17 | DEBUG    | client:227 | Order response: {'orderId': 13057051342, 'symbol': 'BTCUSDT', 'status': 'NEW', 'clientOrderId': 'eWqo5ZF1JPownrln4oUpQY', 'price': '75000.00', 'avgPrice': '0.00', 'origQty': '0.0010', 'executedQty': '0.0000', 'cumQty': '0.0000', 'cumQuote': '0.000000', 'timeInForce': 'GTC', 'type': 'LIMIT', 'reduceOnly': False, 'closePosition': False, 'side': 'SELL', 'positionSide': 'BOTH', 'stopPrice': '0.00', 'workingType': 'CONTRACT_PRICE', 'priceProtect': False, 'origType': 'LIMIT', 'priceMatch': 'NONE', 'selfTradePreventionMode': 'EXPIRE_MAKER', 'goodTillDate': 0, 'updateTime': 1776761537463}
2026-04-21 14:22:17 | INFO     | orders:138 | LIMIT order SUCCESS | orderId=13057051342 status=NEW price=75000.0
2026-04-21 14:23:11 | DEBUG    | logging_config:54 | Logger initialized. Log file: C:\Users\kaila\Downloads\trading_bot\trading_bot\logs\trading_bot_20260421.log
2026-04-21 14:23:11 | INFO     | cli:59 | CLI place command received | symbol=BTCUSDT side=SELL type=LIMIT quantity=0.001 price=75000.0
2026-04-21 14:23:11 | DEBUG    | client:68 | BinanceClient initialized. Base URL: https://testnet.binancefuture.com
2026-04-21 14:23:11 | WARNING  | cli:72 | Could not fetch market price: 'BinanceClient' object has no attribute 'client'
2026-04-21 14:23:11 | INFO     | orders:126 | Placing LIMIT order | SELL 0.001 BTCUSDT @ 75000.0
2026-04-21 14:23:11 | DEBUG    | client:221 | POST https://testnet.binancefuture.com/fapi/v1/order | Order params (pre-sign): symbol=BTCUSDT, side=SELL, type=LIMIT, qty=0.001, price=75000.0, stopPrice=None
2026-04-21 14:23:12 | DEBUG    | client:109 | HTTP 200 from https://testnet.binancefuture.com/fapi/v1/order
2026-04-21 14:23:12 | DEBUG    | client:110 | Response body: {"orderId":13057053380,"symbol":"BTCUSDT","status":"NEW","clientOrderId":"bWD872ST1WOJuUgDiL0i5m","price":"75000.00","avgPrice":"0.00","origQty":"0.0010","executedQty":"0.0000","cumQty":"0.0000","cumQuote":"0.000000","timeInForce":"GTC","type":"LIMIT","reduceOnly":false,"closePosition":false,"side":"SELL","positionSide":"BOTH","stopPrice":"0.00","workingType":"CONTRACT_PRICE","priceProtect":false,"origType":"LIMIT","priceMatch":"NONE","selfTradePreventionMode":"EXPIRE_MAKER","goodTillDate":0,"updateTime":1776761592245}
2026-04-21 14:23:12 | DEBUG    | client:227 | Order response: {'orderId': 13057053380, 'symbol': 'BTCUSDT', 'status': 'NEW', 'clientOrderId': 'bWD872ST1WOJuUgDiL0i5m', 'price': '75000.00', 'avgPrice': '0.00', 'origQty': '0.0010', 'executedQty': '0.0000', 'cumQty': '0.0000', 'cumQuote': '0.000000', 'timeInForce': 'GTC', 'type': 'LIMIT', 'reduceOnly': False, 'closePosition': False, 'side': 'SELL', 'positionSide': 'BOTH', 'stopPrice': '0.00', 'workingType': 'CONTRACT_PRICE', 'priceProtect': False, 'origType': 'LIMIT', 'priceMatch': 'NONE', 'selfTradePreventionMode': 'EXPIRE_MAKER', 'goodTillDate': 0, 'updateTime': 1776761592245}
2026-04-21 14:23:12 | INFO     | orders:138 | LIMIT order SUCCESS | orderId=13057053380 status=NEW price=75000.0
2026-04-21 14:26:47 | DEBUG    | logging_config:54 | Logger initialized. Log file: C:\Users\kaila\Downloads\trading_bot\trading_bot\logs\trading_bot_20260421.log
2026-04-21 14:26:47 | INFO     | cli:59 | CLI place command received | symbol=BTCUSDT side=SELL type=LIMIT quantity=0.001 price=75000.0
2026-04-21 14:26:47 | DEBUG    | client:68 | BinanceClient initialized. Base URL: https://testnet.binancefuture.com
2026-04-21 14:26:47 | WARNING  | cli:72 | Could not fetch market price: 'BinanceClient' object has no attribute 'client'
2026-04-21 14:26:47 | INFO     | orders:126 | Placing LIMIT order | SELL 0.001 BTCUSDT @ 75000.0
2026-04-21 14:26:47 | DEBUG    | client:221 | POST https://testnet.binancefuture.com/fapi/v1/order | Order params (pre-sign): symbol=BTCUSDT, side=SELL, type=LIMIT, qty=0.001, price=75000.0, stopPrice=None
2026-04-21 14:26:47 | DEBUG    | client:109 | HTTP 200 from https://testnet.binancefuture.com/fapi/v1/order
2026-04-21 14:26:47 | DEBUG    | client:110 | Response body: {"orderId":13057062224,"symbol":"BTCUSDT","status":"NEW","clientOrderId":"JfkycxfIluxHFd3Dz5k0Ug","price":"75000.00","avgPrice":"0.00","origQty":"0.0010","executedQty":"0.0000","cumQty":"0.0000","cumQuote":"0.000000","timeInForce":"GTC","type":"LIMIT","reduceOnly":false,"closePosition":false,"side":"SELL","positionSide":"BOTH","stopPrice":"0.00","workingType":"CONTRACT_PRICE","priceProtect":false,"origType":"LIMIT","priceMatch":"NONE","selfTradePreventionMode":"EXPIRE_MAKER","goodTillDate":0,"updateTime":1776761807804}
2026-04-21 14:26:47 | DEBUG    | client:227 | Order response: {'orderId': 13057062224, 'symbol': 'BTCUSDT', 'status': 'NEW', 'clientOrderId': 'JfkycxfIluxHFd3Dz5k0Ug', 'price': '75000.00', 'avgPrice': '0.00', 'origQty': '0.0010', 'executedQty': '0.0000', 'cumQty': '0.0000', 'cumQuote': '0.000000', 'timeInForce': 'GTC', 'type': 'LIMIT', 'reduceOnly': False, 'closePosition': False, 'side': 'SELL', 'positionSide': 'BOTH', 'stopPrice': '0.00', 'workingType': 'CONTRACT_PRICE', 'priceProtect': False, 'origType': 'LIMIT', 'priceMatch': 'NONE', 'selfTradePreventionMode': 'EXPIRE_MAKER', 'goodTillDate': 0, 'updateTime': 1776761807804}
2026-04-21 14:26:47 | INFO     | orders:138 | LIMIT order SUCCESS | orderId=13057062224 status=NEW price=75000.0
2026-04-21 14:30:15 | DEBUG    | logging_config:54 | Logger initialized. Log file: C:\Users\kaila\Downloads\trading_bot\trading_bot\logs\trading_bot_20260421.log
2026-04-21 14:30:15 | INFO     | cli:59 | CLI place command received | symbol=BTCUSDT side=BUY type=LIMIT quantity=0.001 price=None
2026-04-21 14:30:15 | DEBUG    | client:68 | BinanceClient initialized. Base URL: https://testnet.binancefuture.com
2026-04-21 14:30:15 | WARNING  | cli:72 | Could not fetch market price: 'BinanceClient' object has no attribute 'client'
2026-04-21 14:30:15 | ERROR    | cli:87 | Validation error: Price is required for LIMIT orders.
